FR4G-TP Eevee attacks Meowth with Growl

FR4G-TP Meowth attacks

FR4G-TP Eevee got attacked, and took 23 points of damage!

FR4G-TP Eevee attacks Meowth with Hyper beam

FR4G-TP Meowth attacks

FR4G-TP Eevee got attacked, and took 23 points of damage!

FR4G-TP Eevee attacks Meowth with Splash

FR4G-TP Meowth attacks

FR4G-TP Eevee got attacked, and took 23 points of damage!

FR4G-TP Eevee attacks Meowth with Lightning bolt

FR4G-TP Meowth attacks

FR4G-TP Eevee got attacked, and took 23 points of damage!

FR4G-TP Eevee healed, current health is 71

FR4G-TP Meowth attacks

FR4G-TP Eevee got attacked, and took 23 points of damage!

FR4G-TP Eevee healed, current health is 100

FR4G-TP Eevee attacks Meowth with Growl

FR4G-TP Meowth attacks

FR4G-TP Eevee got attacked, and took 23 points of damage!

FR4G-TP Eevee attacks Meowth with Hyper beam

FR4G-TP Meowth attacks

FR4G-TP Eevee got attacked, and took 23 points of damage!

FR4G-TP Eevee attacks Meowth with Splash

FR4G-TP Meowth attacks

FR4G-TP Eevee got attacked, and took 23 points of damage!

FR4G-TP Eevee attacks Meowth with Lightning bolt

FR4G-TP Meowth attacks

FR4G-TP Eevee got attacked, and took 23 points of damage!

FR4G-TP Eevee healed, current health is 71

FR4G-TP Meowth attacks

FR4G-TP Eevee got attacked, and took 23 points of damage!

